Determining if the pthread_create exist failed with the following output:
Change Dir: /home/new/Desktop/manipulators/build/CMakeFiles/CMakeTmp

Run Build Command:"/usr/bin/make" "cmTC_dff08/fast"
/usr/bin/make -f CMakeFiles/cmTC_dff08.dir/build.make CMakeFiles/cmTC_dff08.dir/build
make[1]: Entering directory '/home/new/Desktop/manipulators/build/CMakeFiles/CMakeTmp'
Building C object CMakeFiles/cmTC_dff08.dir/CheckSymbolExists.c.o
/usr/bin/cc    -o CMakeFiles/cmTC_dff08.dir/CheckSymbolExists.c.o   -c /home/new/Desktop/manipulators/build/CMakeFiles/CMakeTmp/CheckSymbolExists.c
Linking C executable cmTC_dff08
/usr/bin/cmake -E cmake_link_script CMakeFiles/cmTC_dff08.dir/link.txt --verbose=1
/usr/bin/cc      -rdynamic CMakeFiles/cmTC_dff08.dir/CheckSymbolExists.c.o  -o cmTC_dff08 
CMakeFiles/cmTC_dff08.dir/CheckSymbolExists.c.o: In function `main':
CheckSymbolExists.c:(.text+0x1b): undefined reference to `pthread_create'
collect2: error: ld returned 1 exit status
CMakeFiles/cmTC_dff08.dir/build.make:97: recipe for target 'cmTC_dff08' failed
make[1]: *** [cmTC_dff08] Error 1
make[1]: Leaving directory '/home/new/Desktop/manipulators/build/CMakeFiles/CMakeTmp'
Makefile:126: recipe for target 'cmTC_dff08/fast' failed
make: *** [cmTC_dff08/fast] Error 2

File /home/new/Desktop/manipulators/build/CMakeFiles/CMakeTmp/CheckSymbolExists.c:
/* */
#include <pthread.h>

int main(int argc, char** argv)
{
  (void)argv;
#ifndef pthread_create
  return ((int*)(&pthread_create))[argc];
#else
  (void)argc;
  return 0;
#endif
}

Determining if the function pthread_create exists in the pthreads failed with the following output:
Change Dir: /home/new/Desktop/manipulators/build/CMakeFiles/CMakeTmp

Run Build Command:"/usr/bin/make" "cmTC_d2c56/fast"
/usr/bin/make -f CMakeFiles/cmTC_d2c56.dir/build.make CMakeFiles/cmTC_d2c56.dir/build
make[1]: Entering directory '/home/new/Desktop/manipulators/build/CMakeFiles/CMakeTmp'
Building C object CMakeFiles/cmTC_d2c56.dir/CheckFunctionExists.c.o
/usr/bin/cc   -DCHECK_FUNCTION_EXISTS=pthread_create   -o CMakeFiles/cmTC_d2c56.dir/CheckFunctionExists.c.o   -c /usr/share/cmake-3.10/Modules/CheckFunctionExists.c
Linking C executable cmTC_d2c56
/usr/bin/cmake -E cmake_link_script CMakeFiles/cmTC_d2c56.dir/link.txt --verbose=1
/usr/bin/cc  -DCHECK_FUNCTION_EXISTS=pthread_create    -rdynamic CMakeFiles/cmTC_d2c56.dir/CheckFunctionExists.c.o  -o cmTC_d2c56 -lpthreads 
/usr/bin/ld: cannot find -lpthreads
collect2: error: ld returned 1 exit status
CMakeFiles/cmTC_d2c56.dir/build.make:97: recipe for target 'cmTC_d2c56' failed
make[1]: *** [cmTC_d2c56] Error 1
make[1]: Leaving directory '/home/new/Desktop/manipulators/build/CMakeFiles/CMakeTmp'
Makefile:126: recipe for target 'cmTC_d2c56/fast' failed
make: *** [cmTC_d2c56/fast] Error 2


