Determining if the pthread_create exist failed with the following output:
Change Dir: /home/new/day 1/catkin_A1/build/CMakeFiles/CMakeTmp

Run Build Command:"/usr/bin/make" "cmTC_ac05b/fast"
/usr/bin/make -f CMakeFiles/cmTC_ac05b.dir/build.make CMakeFiles/cmTC_ac05b.dir/build
make[1]: Entering directory '/home/new/day 1/catkin_A1/build/CMakeFiles/CMakeTmp'
Building C object CMakeFiles/cmTC_ac05b.dir/CheckSymbolExists.c.o
/usr/bin/cc    -o CMakeFiles/cmTC_ac05b.dir/CheckSymbolExists.c.o   -c "/home/new/day 1/catkin_A1/build/CMakeFiles/CMakeTmp/CheckSymbolExists.c"
Linking C executable cmTC_ac05b
/usr/bin/cmake -E cmake_link_script CMakeFiles/cmTC_ac05b.dir/link.txt --verbose=1
/usr/bin/cc      -rdynamic CMakeFiles/cmTC_ac05b.dir/CheckSymbolExists.c.o  -o cmTC_ac05b 
CMakeFiles/cmTC_ac05b.dir/CheckSymbolExists.c.o: In function `main':
CheckSymbolExists.c:(.text+0x1b): undefined reference to `pthread_create'
collect2: error: ld returned 1 exit status
CMakeFiles/cmTC_ac05b.dir/build.make:97: recipe for target 'cmTC_ac05b' failed
make[1]: *** [cmTC_ac05b] Error 1
make[1]: Leaving directory '/home/new/day 1/catkin_A1/build/CMakeFiles/CMakeTmp'
Makefile:126: recipe for target 'cmTC_ac05b/fast' failed
make: *** [cmTC_ac05b/fast] Error 2

File /home/new/day 1/catkin_A1/build/CMakeFiles/CMakeTmp/CheckSymbolExists.c:
/* */
#include <pthread.h>

int main(int argc, char** argv)
{
  (void)argv;
#ifndef pthread_create
  return ((int*)(&pthread_create))[argc];
#else
  (void)argc;
  return 0;
#endif
}

Determining if the function pthread_create exists in the pthreads failed with the following output:
Change Dir: /home/new/day 1/catkin_A1/build/CMakeFiles/CMakeTmp

Run Build Command:"/usr/bin/make" "cmTC_6c155/fast"
/usr/bin/make -f CMakeFiles/cmTC_6c155.dir/build.make CMakeFiles/cmTC_6c155.dir/build
make[1]: Entering directory '/home/new/day 1/catkin_A1/build/CMakeFiles/CMakeTmp'
Building C object CMakeFiles/cmTC_6c155.dir/CheckFunctionExists.c.o
/usr/bin/cc   -DCHECK_FUNCTION_EXISTS=pthread_create   -o CMakeFiles/cmTC_6c155.dir/CheckFunctionExists.c.o   -c /usr/share/cmake-3.10/Modules/CheckFunctionExists.c
Linking C executable cmTC_6c155
/usr/bin/cmake -E cmake_link_script CMakeFiles/cmTC_6c155.dir/link.txt --verbose=1
/usr/bin/cc  -DCHECK_FUNCTION_EXISTS=pthread_create    -rdynamic CMakeFiles/cmTC_6c155.dir/CheckFunctionExists.c.o  -o cmTC_6c155 -lpthreads 
/usr/bin/ld: cannot find -lpthreads
collect2: error: ld returned 1 exit status
CMakeFiles/cmTC_6c155.dir/build.make:97: recipe for target 'cmTC_6c155' failed
make[1]: *** [cmTC_6c155] Error 1
make[1]: Leaving directory '/home/new/day 1/catkin_A1/build/CMakeFiles/CMakeTmp'
Makefile:126: recipe for target 'cmTC_6c155/fast' failed
make: *** [cmTC_6c155/fast] Error 2


